{
  "RSpec": {
    "coverage": {
      "/Users/oliviafrost/Desktop/Makers/FullCourse/week2/oystercard2/oystercard_challenge/spec/oystercard_spec.rb": [
        1,
        1,
        null,
        1,
        null,
        null,
        null,
        1,
        1,
        null,
        null,
        1,
        1,
        1,
        null,
        null,
        1,
        4,
        null,
        null,
        1,
        null,
        1,
        1,
        2,
        null,
        null,
        null,
        1,
        1,
        1,
        1,
        2,
        null,
        null,
        1,
        1,
        null,
        null,
        1,
        1,
        null,
        null,
        2,
        1,
        1,
        null,
        1,
        1,
        1,
        null,
        null,
        1,
        1,
        null,
        null,
        1,
        1,
        2,
        2,
        2,
        null,
        null,
        1,
        1,
        4,
        null,
        null,
        1,
        1,
        null,
        null,
        null,
        1,
        1,
        4,
        4,
        4,
        4,
        4,
        null,
        null,
        1,
        1,
        null,
        null,
        1,
        1,
        null,
        null,
        1,
        1,
        null,
        null,
        1,
        1,
        null,
        null,
        null,
        null,
        null
      ],
      "/Users/oliviafrost/Desktop/Makers/FullCourse/week2/oystercard2/oystercard_challenge/lib/oystercard.rb": [
        1,
        null,
        1,
        null,
        1,
        1,
        1,
        null,
        1,
        null,
        1,
        null,
        1,
        15,
        15,
        null,
        15,
        15,
        null,
        null,
        1,
        12,
        11,
        null,
        null,
        1,
        1,
        null,
        null,
        1,
        3,
        2,
        1,
        null,
        null,
        null,
        1,
        8,
        null,
        8,
        null,
        7,
        7,
        null,
        null,
        1,
        5,
        null,
        5,
        5,
        null,
        null,
        1,
        1,
        5,
        null,
        null
      ],
      "/Users/oliviafrost/Desktop/Makers/FullCourse/week2/oystercard2/oystercard_challenge/lib/station.rb": [
        1,
        null,
        1,
        null,
        1,
        12,
        null,
        null,
        null
      ]
    },
    "timestamp": 1502366265
  }
}
