{
  "RSpec": {
    "coverage": {
      "/Users/abitravers/gitDir/Wk2/oystercard2/spec/oystercard_spec.rb": [
        1,
        1,
        null,
        1,
        null,
        null,
        null,
        1,
        1,
        null,
        null,
        1,
        1,
        1,
        null,
        null,
        1,
        4,
        null,
        null,
        1,
        null,
        1,
        1,
        2,
        null,
        null,
        null,
        1,
        1,
        1,
        1,
        2,
        null,
        null,
        1,
        1,
        null,
        null,
        1,
        1,
        null,
        null,
        2,
        1,
        1,
        null,
        1,
        1,
        1,
        null,
        null,
        1,
        1,
        null,
        null,
        1,
        1,
        5,
        5,
        5,
        null,
        null,
        1,
        1,
        4,
        null,
        null,
        1,
        1,
        null,
        null,
        1,
        null,
        1,
        1,
        1,
        1,
        1,
        4,
        null,
        null,
        1,
        1,
        1,
        1,
        1,
        1,
        1,
        null,
        null,
        null,
        null,
        null,
        null,
        null,
        null,
        null,
        1,
        1,
        null,
        null,
        null,
        null,
        null
      ],
      "/Users/abitravers/gitDir/Wk2/oystercard2/lib/oystercard.rb": [
        1,
        null,
        1,
        null,
        1,
        1,
        1,
        null,
        1,
        null,
        1,
        null,
        1,
        14,
        14,
        null,
        14,
        14,
        null,
        null,
        1,
        13,
        12,
        null,
        null,
        1,
        1,
        null,
        null,
        1,
        2,
        1,
        0,
        null,
        null,
        1,
        9,
        null,
        9,
        null,
        8,
        8,
        null,
        null,
        null,
        1,
        3,
        3,
        null,
        3,
        3,
        null,
        null,
        1,
        1,
        3,
        null,
        null
      ],
      "/Users/abitravers/gitDir/Wk2/oystercard2/lib/station.rb": [
        1,
        null,
        1,
        null,
        1,
        11,
        11,
        null,
        null,
        null
      ]
    },
    "timestamp": 1502458430
  }
}
